Little shop [2022-11-01 21:37:58.202 Info] Program started
Little shop [2022-11-01 21:37:58.202 Error] Database error: EInOutError
Can not load SQLite client library "libsqlite3.so". Check your installation.
Little shop [2022-11-01 21:37:58.203 Info] MainFom created
Little shop [2022-11-01 21:37:59.566 Info] Program stoped
Little shop [2022-11-01 21:39:38.169 Info] Program started
Little shop [2022-11-01 21:39:38.170 Error] Database error: EInOutError
Can not load SQLite client library "libsqlite3.so". Check your installation.
Little shop [2022-11-01 21:39:38.170 Info] MainFom created
Little shop [2022-11-01 21:39:39.965 Info] Program stoped
Little shop [2022-11-01 21:44:49.512 Info] Program started
Little shop [2022-11-01 21:44:49.512 Info] Database open ok
Little shop [2022-11-01 21:44:49.513 Info] MainFom created
Little shop [2022-11-01 21:44:51.100 Info] Program stoped
Little shop [2022-11-16 11:33:56.750 Info] Program started
Little shop [2022-11-16 11:33:57.260 Info] Database open ok
Little shop [2022-11-16 11:33:57.270 Info] MainFom created
Little shop [2022-11-16 11:34:02.162 Info] Program stoped
Little shop [2022-11-16 11:34:13.938 Info] Program started
Little shop [2022-11-16 11:34:13.938 Info] Database open ok
Little shop [2022-11-16 11:34:13.938 Info] MainFom created
Little shop [2022-11-16 11:34:39.452 Info] Program stoped
Little shop [2022-11-16 11:40:37.119 Info] Program started
Little shop [2022-11-16 11:40:37.119 Info] Database open ok
Little shop [2022-11-16 11:40:37.129 Info] MainFom created
Little shop [2022-11-16 11:40:38.999 Info] Program stoped
Little shop [2022-11-16 11:45:58.567 Info] Program started
Little shop [2022-11-16 11:45:58.577 Info] Database open ok
Little shop [2022-11-16 11:45:58.577 Info] MainFom created
Little shop [2022-11-16 11:46:43.615 Info] Program started
Little shop [2022-11-16 11:46:43.615 Info] Database open ok
Little shop [2022-11-16 11:46:43.625 Info] MainFom created
Little shop [2022-11-16 11:47:18.903 Info] Program started
Little shop [2022-11-16 11:47:18.913 Info] Database open ok
Little shop [2022-11-16 11:47:18.913 Info] MainFom created
Little shop [2022-11-16 11:47:38.363 Info] Program stoped
Little shop [2022-11-16 13:29:14.436 Info] Program started
Little shop [2022-11-16 13:29:14.446 Info] Database open ok
Little shop [2022-11-16 13:29:14.446 Info] MainFom created
Little shop [2022-11-16 13:29:16.147 Info] Program stoped
Little shop [2022-11-16 13:29:20.778 Info] Program started
Little shop [2022-11-16 13:29:20.781 Info] Database open ok
Little shop [2022-11-16 13:29:20.785 Info] MainFom created
Little shop [2022-11-16 13:30:43.640 Info] Program stoped
Little shop [2022-11-16 13:50:11.922 Info] Program started
Little shop [2022-11-16 13:50:11.942 Info] Database open ok
Little shop [2022-11-16 13:50:11.942 Info] MainFom created
Little shop [2022-11-16 13:50:19.223 Info] Program stoped
Little shop [2022-11-16 16:14:49.383 Info] Program started
Little shop [2022-11-16 16:14:49.383 Info] Database open ok
Little shop [2022-11-16 16:14:49.395 Info] MainForm created
Little shop [2022-11-16 16:15:02.794 Info] Program stoped
Little shop [2022-11-16 16:19:27.074 Info] Program started
Little shop [2022-11-16 16:19:27.084 Info] Database open ok
Little shop [2022-11-16 16:19:27.084 Info] MainForm created
Little shop [2022-11-16 16:19:33.855 Info] Program stoped
Little shop [2022-11-16 16:19:43.326 Info] Program started
Little shop [2022-11-16 16:19:43.346 Info] Database open ok
Little shop [2022-11-16 16:19:43.356 Info] MainForm created
Little shop [2022-11-16 16:19:47.377 Info] Program stoped
Little shop [2022-11-16 16:24:01.695 Info] Program started
Little shop [2022-11-16 16:24:01.705 Info] Database open ok
Little shop [2022-11-16 16:24:01.775 Info] MainForm created
Little shop [2022-11-16 16:24:07.215 Info] Program stoped
Little shop [2022-11-16 16:43:13.327 Info] Program started
Little shop [2022-11-16 16:43:13.327 Info] Database open ok
Little shop [2022-11-16 16:43:13.697 Info] MainForm created
Little shop [2022-11-16 16:43:16.827 Info] Program stoped
Little shop [2022-11-16 16:57:40.791 Info] Program started
Little shop [2022-11-16 16:57:40.801 Info] Database open ok
Little shop [2022-11-16 16:57:40.831 Info] MainForm created
Little shop [2022-11-16 16:58:01.963 Info] Program stoped
Little shop [2022-11-16 17:00:11.739 Info] Program started
Little shop [2022-11-16 17:00:11.744 Info] Database open ok
Little shop [2022-11-16 17:00:11.745 Info] MainForm created
Little shop [2022-11-16 17:00:33.728 Info] Program stoped
Little shop [2022-11-16 17:01:51.539 Info] Program started
Little shop [2022-11-16 17:01:51.549 Info] Database open ok
Little shop [2022-11-16 17:01:51.549 Info] MainForm created
Little shop [2022-11-16 17:02:07.010 Info] Program stoped
